<?xml version="1.0" encoding="UTF-8"?>
<testng-results skipped="0" failed="0" ignored="0" total="1" passed="1">
  <reporter-output>
  </reporter-output>
  <suite name="Default suite" duration-ms="20451" started-at="2023-08-04T19:21:33Z" finished-at="2023-08-04T19:21:54Z">
    <groups>
    </groups>
    <test name="Default test" duration-ms="20451" started-at="2023-08-04T19:21:33Z" finished-at="2023-08-04T19:21:54Z">
      <class name="com.goodreads.GoodReads">
        <test-method status="PASS" signature="openURL()[pri:0, instance:com.goodreads.GoodReads@4bec1f0c]" name="openURL" is-config="true" duration-ms="7700" started-at="2023-08-05T00:51:33Z" finished-at="2023-08-05T00:51:41Z">
          <reporter-output>
          </reporter-output>
        </test-method> <!-- openURL -->
        <test-method status="PASS" signature="goodReads_test()[pri:0, instance:com.goodreads.GoodReads@4bec1f0c]" name="goodReads_test" duration-ms="12723" started-at="2023-08-05T00:51:41Z" finished-at="2023-08-05T00:51:54Z">
          <reporter-output>
          </reporter-output>
        </test-method> <!-- goodReads_test -->
      </class> <!-- com.goodreads.GoodReads -->
    </test> <!-- Default test -->
  </suite> <!-- Default suite -->
</testng-results>
